05/09/2023 10:43:57 AM :INFO :**** test_001_AccountRegistration started ****
05/09/2023 10:43:58 AM :INFO :**** launching application ****
05/09/2023 10:43:58 AM :INFO :*** Here we are filling up the registration form ***
05/09/2023 01:54:27 PM :INFO :**** test_002_Login started ****
05/09/2023 01:54:28 PM :INFO :**** Getting data from Home Page ****
05/09/2023 02:04:34 PM :INFO :**** test_002_Login started ****
05/09/2023 02:04:35 PM :INFO :**** Getting data from Home Page ****
05/09/2023 02:04:36 PM :INFO :**** Getting data from Login Page ****
05/09/2023 02:16:35 PM :INFO :**** test_002_Login started ****
05/09/2023 02:16:36 PM :INFO :**** Getting data from Home Page ****
05/09/2023 02:16:37 PM :INFO :**** Getting data from Login Page ****
05/09/2023 02:33:32 PM :INFO :**** test_002_Login started ****
05/09/2023 02:33:33 PM :INFO :**** Getting data from Home Page ****
05/09/2023 02:33:33 PM :INFO :**** Getting data from Login Page ****
05/09/2023 02:33:38 PM :INFO :**** test_002_Login started ****
05/09/2023 02:33:39 PM :INFO :**** Getting data from Home Page ****
05/09/2023 02:33:39 PM :INFO :**** Getting data from Login Page ****
05/09/2023 02:35:00 PM :INFO :**** test_002_Login started ****
05/09/2023 02:35:02 PM :INFO :**** Getting data from Home Page ****
05/09/2023 02:35:02 PM :INFO :**** Getting data from Login Page ****
05/09/2023 02:35:07 PM :INFO :**** test_002_Login started ****
05/09/2023 02:35:08 PM :INFO :**** Getting data from Home Page ****
05/09/2023 02:35:08 PM :INFO :**** Getting data from Login Page ****
05/09/2023 02:36:52 PM :INFO :**** test_002_Login started ****
05/09/2023 02:36:53 PM :INFO :**** Getting data from Home Page ****
05/09/2023 02:36:54 PM :INFO :**** Getting data from Login Page ****
05/09/2023 02:38:25 PM :INFO :**** test_001_AccountRegistration started ****
05/09/2023 02:38:25 PM :INFO :**** test_001_AccountRegistration started ****
05/09/2023 02:38:26 PM :INFO :**** launching application ****
05/09/2023 02:38:26 PM :INFO :**** launching application ****
05/09/2023 02:38:27 PM :INFO :*** Here we are filling up the registration form ***
05/09/2023 02:38:27 PM :INFO :*** Here we are filling up the registration form ***
05/09/2023 02:38:39 PM :INFO :**** test_002_Login started ****
05/09/2023 02:38:39 PM :INFO :**** test_002_Login started ****
05/09/2023 02:38:41 PM :INFO :**** Getting data from Home Page ****
05/09/2023 02:38:41 PM :INFO :**** Getting data from Home Page ****
05/09/2023 02:38:41 PM :INFO :**** Getting data from Login Page ****
05/09/2023 02:38:41 PM :INFO :**** Getting data from Login Page ****
05/09/2023 02:51:36 PM :INFO :**** test_001_AccountRegistration started ****
05/09/2023 02:51:37 PM :INFO :**** launching application ****
05/09/2023 02:51:38 PM :INFO :*** Here we are filling up the registration form ***
05/09/2023 02:52:36 PM :INFO :**** test_001_AccountRegistration started ****
05/09/2023 02:52:37 PM :INFO :**** launching application ****
05/09/2023 02:52:38 PM :INFO :*** Here we are filling up the registration form ***
05/09/2023 02:54:04 PM :INFO :**** test_001_AccountRegistration started ****
05/09/2023 02:54:04 PM :INFO :**** launching application ****
05/09/2023 02:54:05 PM :INFO :*** Here we are filling up the registration form ***
05/09/2023 07:42:06 PM :INFO :**** test_001_AccountRegistration started ****
05/09/2023 07:42:09 PM :INFO :**** launching application ****
05/09/2023 07:42:09 PM :INFO :*** Here we are filling up the registration form ***
05/13/2023 11:39:00 AM :INFO :**** test_001_AccountRegistration started ****
05/13/2023 11:39:03 AM :INFO :**** launching application ****
05/13/2023 11:39:04 AM :INFO :*** Here we are filling up the registration form ***
